[zenka-kash.vercel.app/index.html]
[backblue.gif]
[fade.gif]
[index.html]
[zenka-kash.vercel.app/manifest.json]
[zenka-kash.vercel.app/images/icons/icon-72x72.1.delayed]
[zenka-kash.vercel.app/images/icons/icon-192x192.2.delayed]
[zenka-kash.vercel.app/service-worker.js]
[zenka-kash.vercel.app/reviewpage.html]
[zenka-kash.vercel.app/index.html]
[zenka-kash.vercel.app/images/icons/icon-72x72.html]
[zenka-kash.vercel.app/images/icons/icon-192x192.html]
[zenka-kash.vercel.app/reviewpage.html]
[zenka-kash.vercel.app/login.html]
[zenka-kash.vercel.app/dashboard.6.delayed]
[zenka-kash.vercel.app/login.html]
[zenka-kash.vercel.app/dashboard.html]
[zenka-kash.vercel.app/signup.html]
[zenka-kash.vercel.app/images/apple-touch-icon.8.delayed]
[zenka-kash.vercel.app/images/favicon-32x32.9.delayed]
[zenka-kash.vercel.app/images/favicon-16x16.a.delayed]
[zenka-kash.vercel.app/images/site.b.delayed]
[zenka-kash.vercel.app/main.css]
[zenka-kash.vercel.app/shared.css]
[zenka-kash.vercel.app/assets/process.gif]
[zenka-kash.vercel.app/index-2.html]
[zenka-kash.vercel.app/about.10.delayed]
[zenka-kash.vercel.app/contact.11.delayed]
[zenka-kash.vercel.app/signup.html]
[zenka-kash.vercel.app/images/apple-touch-icon.html]
[zenka-kash.vercel.app/images/favicon-32x32.html]
[zenka-kash.vercel.app/images/favicon-16x16.html]
[zenka-kash.vercel.app/images/site.html]
[zenka-kash.vercel.app/index.js]
[zenka-kash.vercel.app/bg.jpg]
[zenka-kash.vercel.app/main.css]
[zenka-kash.vercel.app/shared.css]
[zenka-kash.vercel.app/index-2.html]
[zenka-kash.vercel.app/about.html]
[zenka-kash.vercel.app/contact.html]
